<?xml version="1.0" encoding="UTF-8"?>
<!-- Generated by org.testng.reporters.JUnitReportReporter -->
<testsuite skipped="0" hostname="LAPTOP-EL8947JF" name="AcademyTest.Loginwithidvalidation" tests="2" failures="0" timestamp="2020-08-04T01:28:36 IST" time="54.897" errors="0">
  <testcase name="basePageNavigation" time="35.099" classname="AcademyTest.Loginwithidvalidation"/>
  <system-out/>
  <testcase name="basePageNavigation" time="19.798" classname="AcademyTest.Loginwithidvalidation"/>
  <system-out/>
</testsuite> <!-- AcademyTest.Loginwithidvalidation -->
